================================================================
 Phase 1 — multi-beam EBL space-charge, analytical line-charge
================================================================

Single-neighbor validation (P=5 μm, I=5 nA, D=100 mm, V0=50 kV):
  Δr (with γ⁻² correction) = 6.926 nm
  Expected from hand-calc  ≈ 6.9 nm
  ✓  Validation matches hand-calc

Sweep: 189 cases  (7 pitches × 3 N × 3 currents × 3 fills)
Tolerance budget: 6 nm RMS at 30 nm grid (20% of pitch)

[  1/189] P=  1.0μm N=  32 I= 1.0nA f=1.0  RMS= 270.93nm p99= 369.90nm  max= 369.92nm  FAIL    [  0.0s]
[  2/189] P=  1.0μm N=  32 I= 1.0nA f=0.7  RMS= 189.96nm p99= 267.94nm  max= 276.33nm  FAIL    [  0.2s]
[  3/189] P=  1.0μm N=  32 I= 1.0nA f=0.5  RMS= 135.98nm p99= 196.01nm  max= 204.43nm  FAIL    [  0.3s]
[  4/189] P=  1.0μm N=  32 I= 5.0nA f=1.0  RMS=1371.44nm p99=1849.50nm  max=1849.61nm  FAIL    [  0.3s]
[  5/189] P=  1.0μm N=  32 I= 5.0nA f=0.7  RMS= 962.60nm p99=1338.29nm  max=1386.22nm  FAIL    [  0.5s]
[  6/189] P=  1.0μm N=  32 I= 5.0nA f=0.5  RMS= 697.96nm p99= 988.53nm  max=1042.03nm  FAIL    [  0.6s]
[  7/189] P=  1.0μm N=  32 I=10.0nA f=1.0  RMS=2723.48nm p99=3699.00nm  max=3699.22nm  FAIL    [  0.6s]
[  8/189] P=  1.0μm N=  32 I=10.0nA f=0.7  RMS=1954.95nm p99=2720.24nm  max=2815.34nm  FAIL    [  0.8s]
[  9/189] P=  1.0μm N=  32 I=10.0nA f=0.5  RMS=1366.97nm p99=1961.35nm  max=2086.70nm  FAIL    [  0.9s]
[ 10/189] P=  1.0μm N= 100 I= 1.0nA f=1.0  RMS= 859.07nm p99=1185.34nm  max=1185.54nm  FAIL    [  1.0s]
[ 11/189] P=  1.0μm N= 100 I= 1.0nA f=0.7  RMS= 598.50nm p99= 829.19nm  max= 843.60nm  FAIL    [  2.1s]
[ 12/189] P=  1.0μm N= 100 I= 1.0nA f=0.5  RMS= 426.38nm p99= 591.45nm  max= 607.65nm  FAIL    [  3.2s]
[ 13/189] P=  1.0μm N= 100 I= 5.0nA f=1.0  RMS=4244.87nm p99=5914.94nm  max=5927.70nm  FAIL    [  3.3s]
[ 14/189] P=  1.0μm N= 100 I= 5.0nA f=0.7  RMS=2980.10nm p99=4151.00nm  max=4264.00nm  FAIL    [  4.4s]
[ 15/189] P=  1.0μm N= 100 I= 5.0nA f=0.5  RMS=2144.67nm p99=2986.73nm  max=3096.14nm  FAIL    [  5.5s]
[ 16/189] P=  1.0μm N= 100 I=10.0nA f=1.0  RMS=8539.90nm p99=11854.80nm  max=11855.39nm  FAIL    [  5.6s]
[ 17/189] P=  1.0μm N= 100 I=10.0nA f=0.7  RMS=5996.18nm p99=8343.42nm  max=8577.16nm  FAIL    [  6.7s]
[ 18/189] P=  1.0μm N= 100 I=10.0nA f=0.5  RMS=4292.63nm p99=5966.60nm  max=6247.74nm  FAIL    [  7.8s]
[ 19/189] P=  1.0μm N= 316 I= 1.0nA f=1.0  RMS=2729.68nm p99=3745.50nm  max=3776.49nm  FAIL    [  9.0s]
[ 20/189] P=  1.0μm N= 316 I= 1.0nA f=0.7  RMS=1909.10nm p99=2627.08nm  max=2658.88nm  FAIL    [ 20.9s]
[ 21/189] P=  1.0μm N= 316 I= 1.0nA f=0.5  RMS=1364.03nm p99=1877.74nm  max=1910.90nm  FAIL    [ 32.8s]
[ 22/189] P=  1.0μm N= 316 I= 5.0nA f=1.0  RMS=13850.54nm p99=18738.27nm  max=18882.45nm  FAIL    [ 34.0s]
[ 23/189] P=  1.0μm N= 316 I= 5.0nA f=0.7  RMS=9698.43nm p99=13170.37nm  max=13367.14nm  FAIL    [ 45.9s]
[ 24/189] P=  1.0μm N= 316 I= 5.0nA f=0.5  RMS=6935.51nm p99=9416.75nm  max=9593.12nm  FAIL    [ 57.9s]
[ 25/189] P=  1.0μm N= 316 I=10.0nA f=1.0  RMS=27173.90nm p99=37446.27nm  max=37764.90nm  FAIL    [ 59.1s]
[ 26/189] P=  1.0μm N= 316 I=10.0nA f=0.7  RMS=19032.68nm p99=26260.50nm  max=26590.79nm  FAIL    [ 71.0s]
[ 27/189] P=  1.0μm N= 316 I=10.0nA f=0.5  RMS=13566.78nm p99=18729.19nm  max=19011.86nm  FAIL    [ 82.9s]
[ 28/189] P=  2.0μm N=  32 I= 1.0nA f=1.0  RMS= 137.08nm p99= 184.95nm  max= 184.96nm  FAIL    [ 82.9s]
[ 29/189] P=  2.0μm N=  32 I= 1.0nA f=0.7  RMS=  96.83nm p99= 134.50nm  max= 140.30nm  FAIL    [ 83.1s]
[ 30/189] P=  2.0μm N=  32 I= 1.0nA f=0.5  RMS=  69.26nm p99=  99.10nm  max= 103.69nm  FAIL    [ 83.2s]
[ 31/189] P=  2.0μm N=  32 I= 5.0nA f=1.0  RMS= 678.05nm p99= 924.75nm  max= 924.81nm  FAIL    [ 83.2s]
[ 32/189] P=  2.0μm N=  32 I= 5.0nA f=0.7  RMS= 471.29nm p99= 659.72nm  max= 693.63nm  FAIL    [ 83.4s]
[ 33/189] P=  2.0μm N=  32 I= 5.0nA f=0.5  RMS= 341.22nm p99= 491.01nm  max= 518.12nm  FAIL    [ 83.5s]
[ 34/189] P=  2.0μm N=  32 I=10.0nA f=1.0  RMS=1375.92nm p99=1849.61nm  max=1849.61nm  FAIL    [ 83.5s]
[ 35/189] P=  2.0μm N=  32 I=10.0nA f=0.7  RMS= 957.82nm p99=1327.97nm  max=1375.24nm  FAIL    [ 83.7s]
[ 36/189] P=  2.0μm N=  32 I=10.0nA f=0.5  RMS= 692.92nm p99= 982.35nm  max=1045.15nm  FAIL    [ 83.8s]
[ 37/189] P=  2.0μm N= 100 I= 1.0nA f=1.0  RMS= 426.74nm p99= 591.31nm  max= 592.77nm  FAIL    [ 83.9s]
[ 38/189] P=  2.0μm N= 100 I= 1.0nA f=0.7  RMS= 298.89nm p99= 414.85nm  max= 424.20nm  FAIL    [ 84.9s]
[ 39/189] P=  2.0μm N= 100 I= 1.0nA f=0.5  RMS= 213.44nm p99= 296.80nm  max= 306.12nm  FAIL    [ 85.9s]
[ 40/189] P=  2.0μm N= 100 I= 5.0nA f=1.0  RMS=2142.06nm p99=2954.54nm  max=2963.85nm  FAIL    [ 86.0s]
[ 41/189] P=  2.0μm N= 100 I= 5.0nA f=0.7  RMS=1501.69nm p99=2074.29nm  max=2119.43nm  FAIL    [ 87.0s]
[ 42/189] P=  2.0μm N= 100 I= 5.0nA f=0.5  RMS=1072.72nm p99=1496.38nm  max=1547.65nm  FAIL    [ 88.0s]
[ 43/189] P=  2.0μm N= 100 I=10.0nA f=1.0  RMS=4270.94nm p99=5927.10nm  max=5927.70nm  FAIL    [ 88.1s]
[ 44/189] P=  2.0μm N= 100 I=10.0nA f=0.7  RMS=2981.44nm p99=4174.72nm  max=4244.80nm  FAIL    [ 89.1s]
[ 45/189] P=  2.0μm N= 100 I=10.0nA f=0.5  RMS=2135.74nm p99=2992.00nm  max=3082.55nm  FAIL    [ 90.1s]
[ 46/189] P=  2.0μm N= 316 I= 1.0nA f=1.0  RMS=1324.07nm p99=1851.97nm  max=1888.24nm  FAIL    [ 91.3s]
[ 47/189] P=  2.0μm N= 316 I= 1.0nA f=0.7  RMS= 927.68nm p99=1302.34nm  max=1333.89nm  FAIL    [103.2s]
[ 48/189] P=  2.0μm N= 316 I= 1.0nA f=0.5  RMS= 662.73nm p99= 930.40nm  max= 955.50nm  FAIL    [115.1s]
[ 49/189] P=  2.0μm N= 316 I= 5.0nA f=1.0  RMS=6653.93nm p99=9420.78nm  max=9441.22nm  FAIL    [116.3s]
[ 50/189] P=  2.0μm N= 316 I= 5.0nA f=0.7  RMS=4653.12nm p99=6588.45nm  max=6641.64nm  FAIL    [128.3s]
[ 51/189] P=  2.0μm N= 316 I= 5.0nA f=0.5  RMS=3325.39nm p99=4707.66nm  max=4773.35nm  FAIL    [140.2s]
[ 52/189] P=  2.0μm N= 316 I=10.0nA f=1.0  RMS=13687.43nm p99=18669.42nm  max=18882.45nm  FAIL    [141.4s]
[ 53/189] P=  2.0μm N= 316 I=10.0nA f=0.7  RMS=9583.95nm p99=13061.03nm  max=13253.45nm  FAIL    [153.4s]
[ 54/189] P=  2.0μm N= 316 I=10.0nA f=0.5  RMS=6842.72nm p99=9312.06nm  max=9490.96nm  FAIL    [165.4s]
[ 55/189] P=  5.0μm N=  32 I= 1.0nA f=1.0  RMS=  54.26nm p99=  73.98nm  max=  73.98nm  FAIL    [165.4s]
[ 56/189] P=  5.0μm N=  32 I= 1.0nA f=0.7  RMS=  37.74nm p99=  53.23nm  max=  55.22nm  FAIL    [165.6s]
[ 57/189] P=  5.0μm N=  32 I= 1.0nA f=0.5  RMS=  27.30nm p99=  39.29nm  max=  42.35nm  FAIL    [165.7s]
[ 58/189] P=  5.0μm N=  32 I= 5.0nA f=1.0  RMS= 271.98nm p99= 369.92nm  max= 369.92nm  FAIL    [165.7s]
[ 59/189] P=  5.0μm N=  32 I= 5.0nA f=0.7  RMS= 189.27nm p99= 265.84nm  max= 273.34nm  FAIL    [165.9s]
[ 60/189] P=  5.0μm N=  32 I= 5.0nA f=0.5  RMS= 137.11nm p99= 194.98nm  max= 207.18nm  FAIL    [166.0s]
[ 61/189] P=  5.0μm N=  32 I=10.0nA f=1.0  RMS= 547.20nm p99= 739.80nm  max= 739.84nm  FAIL    [166.0s]
[ 62/189] P=  5.0μm N=  32 I=10.0nA f=0.7  RMS= 388.86nm p99= 540.73nm  max= 560.90nm  FAIL    [166.2s]
[ 63/189] P=  5.0μm N=  32 I=10.0nA f=0.5  RMS= 281.69nm p99= 395.91nm  max= 417.35nm  FAIL    [166.3s]
[ 64/189] P=  5.0μm N= 100 I= 1.0nA f=1.0  RMS= 173.56nm p99= 236.93nm  max= 237.11nm  FAIL    [166.4s]
[ 65/189] P=  5.0μm N= 100 I= 1.0nA f=0.7  RMS= 120.92nm p99= 166.05nm  max= 170.84nm  FAIL    [167.4s]
[ 66/189] P=  5.0μm N= 100 I= 1.0nA f=0.5  RMS=  86.56nm p99= 118.91nm  max= 122.87nm  FAIL    [168.4s]
[ 67/189] P=  5.0μm N= 100 I= 5.0nA f=1.0  RMS= 858.17nm p99=1183.64nm  max=1185.54nm  FAIL    [168.5s]
[ 68/189] P=  5.0μm N= 100 I= 5.0nA f=0.7  RMS= 600.91nm p99= 829.36nm  max= 850.07nm  FAIL    [169.6s]
[ 69/189] P=  5.0μm N= 100 I= 5.0nA f=0.5  RMS= 429.98nm p99= 597.55nm  max= 613.98nm  FAIL    [170.6s]
[ 70/189] P=  5.0μm N= 100 I=10.0nA f=1.0  RMS=1719.94nm p99=2365.98nm  max=2371.08nm  FAIL    [170.7s]
[ 71/189] P=  5.0μm N= 100 I=10.0nA f=0.7  RMS=1199.20nm p99=1656.65nm  max=1681.72nm  FAIL    [171.7s]
[ 72/189] P=  5.0μm N= 100 I=10.0nA f=0.5  RMS= 854.85nm p99=1189.03nm  max=1236.16nm  FAIL    [172.7s]
[ 73/189] P=  5.0μm N= 316 I= 1.0nA f=1.0  RMS= 533.52nm p99= 749.24nm  max= 755.30nm  FAIL    [173.9s]
[ 74/189] P=  5.0μm N= 316 I= 1.0nA f=0.7  RMS= 373.15nm p99= 524.30nm  max= 532.32nm  FAIL    [185.8s]
[ 75/189] P=  5.0μm N= 316 I= 1.0nA f=0.5  RMS= 266.65nm p99= 374.59nm  max= 381.81nm  FAIL    [197.8s]
[ 76/189] P=  5.0μm N= 316 I= 5.0nA f=1.0  RMS=2717.96nm p99=3747.32nm  max=3776.49nm  FAIL    [199.0s]
[ 77/189] P=  5.0μm N= 316 I= 5.0nA f=0.7  RMS=1900.54nm p99=2630.65nm  max=2656.94nm  FAIL    [211.0s]
[ 78/189] P=  5.0μm N= 316 I= 5.0nA f=0.5  RMS=1355.94nm p99=1876.45nm  max=1900.88nm  FAIL    [222.9s]
[ 79/189] P=  5.0μm N= 316 I=10.0nA f=1.0  RMS=5354.66nm p99=7496.55nm  max=7552.98nm  FAIL    [224.1s]
[ 80/189] P=  5.0μm N= 316 I=10.0nA f=0.7  RMS=3749.78nm p99=5262.81nm  max=5324.45nm  FAIL    [236.1s]
[ 81/189] P=  5.0μm N= 316 I=10.0nA f=0.5  RMS=2679.43nm p99=3764.61nm  max=3818.95nm  FAIL    [248.2s]
[ 82/189] P= 10.0μm N=  32 I= 1.0nA f=1.0  RMS=  27.33nm p99=  36.99nm  max=  36.99nm  FAIL    [248.2s]
[ 83/189] P= 10.0μm N=  32 I= 1.0nA f=0.7  RMS=  19.16nm p99=  27.01nm  max=  28.00nm  FAIL    [248.3s]
[ 84/189] P= 10.0μm N=  32 I= 1.0nA f=0.5  RMS=  13.86nm p99=  20.03nm  max=  21.32nm  FAIL    [248.5s]
[ 85/189] P= 10.0μm N=  32 I= 5.0nA f=1.0  RMS= 136.31nm p99= 184.95nm  max= 184.96nm  FAIL    [248.5s]
[ 86/189] P= 10.0μm N=  32 I= 5.0nA f=0.7  RMS=  94.47nm p99= 133.04nm  max= 135.87nm  FAIL    [248.7s]
[ 87/189] P= 10.0μm N=  32 I= 5.0nA f=0.5  RMS=  68.18nm p99=  98.27nm  max= 105.40nm  FAIL    [248.8s]
[ 88/189] P= 10.0μm N=  32 I=10.0nA f=1.0  RMS= 270.57nm p99= 369.90nm  max= 369.92nm  FAIL    [248.8s]
[ 89/189] P= 10.0μm N=  32 I=10.0nA f=0.7  RMS= 188.76nm p99= 267.81nm  max= 280.27nm  FAIL    [249.0s]
[ 90/189] P= 10.0μm N=  32 I=10.0nA f=0.5  RMS= 133.34nm p99= 196.37nm  max= 206.05nm  FAIL    [249.1s]
[ 91/189] P= 10.0μm N= 100 I= 1.0nA f=1.0  RMS=  84.18nm p99= 118.42nm  max= 118.55nm  FAIL    [249.2s]
[ 92/189] P= 10.0μm N= 100 I= 1.0nA f=0.7  RMS=  59.14nm p99=  83.45nm  max=  85.47nm  FAIL    [250.2s]
[ 93/189] P= 10.0μm N= 100 I= 1.0nA f=0.5  RMS=  42.51nm p99=  60.17nm  max=  62.09nm  FAIL    [251.2s]
[ 94/189] P= 10.0μm N= 100 I= 5.0nA f=1.0  RMS= 417.27nm p99= 591.82nm  max= 592.77nm  FAIL    [251.3s]
[ 95/189] P= 10.0μm N= 100 I= 5.0nA f=0.7  RMS= 292.39nm p99= 415.54nm  max= 422.76nm  FAIL    [252.3s]
[ 96/189] P= 10.0μm N= 100 I= 5.0nA f=0.5  RMS= 208.81nm p99= 297.06nm  max= 307.86nm  FAIL    [253.3s]
[ 97/189] P= 10.0μm N= 100 I=10.0nA f=1.0  RMS= 858.22nm p99=1184.62nm  max=1185.54nm  FAIL    [253.4s]
[ 98/189] P= 10.0μm N= 100 I=10.0nA f=0.7  RMS= 599.80nm p99= 830.58nm  max= 850.31nm  FAIL    [254.4s]
[ 99/189] P= 10.0μm N= 100 I=10.0nA f=0.5  RMS= 426.46nm p99= 594.12nm  max= 610.83nm  FAIL    [255.5s]
[100/189] P= 10.0μm N= 316 I= 1.0nA f=1.0  RMS= 267.91nm p99= 374.76nm  max= 377.65nm  FAIL    [256.7s]
[101/189] P= 10.0μm N= 316 I= 1.0nA f=0.7  RMS= 187.54nm p99= 262.71nm  max= 265.94nm  FAIL    [268.6s]
[102/189] P= 10.0μm N= 316 I= 1.0nA f=0.5  RMS= 133.99nm p99= 187.91nm  max= 190.89nm  FAIL    [280.6s]
[103/189] P= 10.0μm N= 316 I= 5.0nA f=1.0  RMS=1369.56nm p99=1870.16nm  max=1888.24nm  FAIL    [281.8s]
[104/189] P= 10.0μm N= 316 I= 5.0nA f=0.7  RMS= 959.17nm p99=1310.87nm  max=1332.06nm  FAIL    [293.8s]
[105/189] P= 10.0μm N= 316 I= 5.0nA f=0.5  RMS= 684.82nm p99= 936.44nm  max= 956.38nm  FAIL    [305.8s]
[106/189] P= 10.0μm N= 316 I=10.0nA f=1.0  RMS=2681.98nm p99=3755.99nm  max=3776.49nm  FAIL    [307.0s]
[107/189] P= 10.0μm N= 316 I=10.0nA f=0.7  RMS=1880.87nm p99=2635.11nm  max=2661.39nm  FAIL    [319.0s]
[108/189] P= 10.0μm N= 316 I=10.0nA f=0.5  RMS=1342.74nm p99=1883.02nm  max=1905.54nm  FAIL    [331.0s]
[109/189] P= 20.0μm N=  32 I= 1.0nA f=1.0  RMS=  13.58nm p99=  18.49nm  max=  18.50nm  FAIL    [331.0s]
[110/189] P= 20.0μm N=  32 I= 1.0nA f=0.7  RMS=   9.41nm p99=  13.28nm  max=  13.82nm  FAIL    [331.2s]
[111/189] P= 20.0μm N=  32 I= 1.0nA f=0.5  RMS=   6.72nm p99=   9.83nm  max=  10.65nm  FAIL    [331.3s]
[112/189] P= 20.0μm N=  32 I= 5.0nA f=1.0  RMS=  67.41nm p99=  92.47nm  max=  92.48nm  FAIL    [331.3s]
[113/189] P= 20.0μm N=  32 I= 5.0nA f=0.7  RMS=  47.77nm p99=  67.15nm  max=  69.39nm  FAIL    [331.5s]
[114/189] P= 20.0μm N=  32 I= 5.0nA f=0.5  RMS=  34.03nm p99=  48.43nm  max=  50.91nm  FAIL    [331.6s]
[115/189] P= 20.0μm N=  32 I=10.0nA f=1.0  RMS= 135.02nm p99= 184.96nm  max= 184.96nm  FAIL    [331.6s]
[116/189] P= 20.0μm N=  32 I=10.0nA f=0.7  RMS=  95.39nm p99= 134.61nm  max= 138.58nm  FAIL    [331.8s]
[117/189] P= 20.0μm N=  32 I=10.0nA f=0.5  RMS=  68.04nm p99=  97.29nm  max= 104.27nm  FAIL    [331.9s]
[118/189] P= 20.0μm N= 100 I= 1.0nA f=1.0  RMS=  42.33nm p99=  59.15nm  max=  59.28nm  FAIL    [332.0s]
[119/189] P= 20.0μm N= 100 I= 1.0nA f=0.7  RMS=  29.64nm p99=  41.37nm  max=  42.62nm  FAIL    [333.0s]
[120/189] P= 20.0μm N= 100 I= 1.0nA f=0.5  RMS=  21.15nm p99=  29.68nm  max=  30.80nm  FAIL    [334.1s]
[121/189] P= 20.0μm N= 100 I= 5.0nA f=1.0  RMS= 209.98nm p99= 294.94nm  max= 296.38nm  FAIL    [334.2s]
[122/189] P= 20.0μm N= 100 I= 5.0nA f=0.7  RMS= 147.44nm p99= 207.49nm  max= 212.13nm  FAIL    [335.2s]
[123/189] P= 20.0μm N= 100 I= 5.0nA f=0.5  RMS= 105.29nm p99= 148.10nm  max= 153.94nm  FAIL    [336.2s]
[124/189] P= 20.0μm N= 100 I=10.0nA f=1.0  RMS= 424.66nm p99= 590.43nm  max= 592.77nm  FAIL    [336.3s]
[125/189] P= 20.0μm N= 100 I=10.0nA f=0.7  RMS= 296.86nm p99= 413.88nm  max= 421.48nm  FAIL    [337.3s]
[126/189] P= 20.0μm N= 100 I=10.0nA f=0.5  RMS= 212.00nm p99= 297.85nm  max= 305.57nm  FAIL    [338.3s]
[127/189] P= 20.0μm N= 316 I= 1.0nA f=1.0  RMS= 134.76nm p99= 186.79nm  max= 188.82nm  FAIL    [339.5s]
[128/189] P= 20.0μm N= 316 I= 1.0nA f=0.7  RMS=  94.39nm p99= 130.74nm  max= 132.68nm  FAIL    [351.5s]
[129/189] P= 20.0μm N= 316 I= 1.0nA f=0.5  RMS=  67.46nm p99=  93.62nm  max=  95.13nm  FAIL    [363.5s]
[130/189] P= 20.0μm N= 316 I= 5.0nA f=1.0  RMS= 670.08nm p99= 925.79nm  max= 944.12nm  FAIL    [364.7s]
[131/189] P= 20.0μm N= 316 I= 5.0nA f=0.7  RMS= 469.47nm p99= 650.52nm  max= 666.17nm  FAIL    [376.7s]
[132/189] P= 20.0μm N= 316 I= 5.0nA f=0.5  RMS= 335.34nm p99= 464.94nm  max= 475.65nm  FAIL    [388.8s]
[133/189] P= 20.0μm N= 316 I=10.0nA f=1.0  RMS=1377.62nm p99=1873.77nm  max=1888.24nm  FAIL    [390.0s]
[134/189] P= 20.0μm N= 316 I=10.0nA f=0.7  RMS= 964.22nm p99=1317.52nm  max=1332.84nm  FAIL    [402.0s]
[135/189] P= 20.0μm N= 316 I=10.0nA f=0.5  RMS= 689.15nm p99= 939.10nm  max= 953.58nm  FAIL    [414.1s]
[136/189] P= 50.0μm N=  32 I= 1.0nA f=1.0  RMS=   5.41nm p99=   7.40nm  max=   7.40nm    [414.1s]
[137/189] P= 50.0μm N=  32 I= 1.0nA f=0.7  RMS=   3.76nm p99=   5.29nm  max=   5.47nm    [414.2s]
[138/189] P= 50.0μm N=  32 I= 1.0nA f=0.5  RMS=   2.71nm p99=   3.85nm  max=   4.09nm    [414.4s]
[139/189] P= 50.0μm N=  32 I= 5.0nA f=1.0  RMS=  27.12nm p99=  36.99nm  max=  36.99nm  FAIL    [414.4s]
[140/189] P= 50.0μm N=  32 I= 5.0nA f=0.7  RMS=  19.14nm p99=  27.09nm  max=  27.73nm  FAIL    [414.5s]
[141/189] P= 50.0μm N=  32 I= 5.0nA f=0.5  RMS=  13.87nm p99=  20.15nm  max=  21.21nm  FAIL    [414.7s]
[142/189] P= 50.0μm N=  32 I=10.0nA f=1.0  RMS=  55.02nm p99=  73.98nm  max=  73.98nm  FAIL    [414.7s]
[143/189] P= 50.0μm N=  32 I=10.0nA f=0.7  RMS=  38.16nm p99=  53.51nm  max=  55.78nm  FAIL    [414.8s]
[144/189] P= 50.0μm N=  32 I=10.0nA f=0.5  RMS=  27.29nm p99=  39.06nm  max=  42.11nm  FAIL    [415.0s]
[145/189] P= 50.0μm N= 100 I= 1.0nA f=1.0  RMS=  16.98nm p99=  23.70nm  max=  23.71nm  FAIL    [415.1s]
[146/189] P= 50.0μm N= 100 I= 1.0nA f=0.7  RMS=  11.88nm p99=  16.62nm  max=  17.04nm  FAIL    [416.1s]
[147/189] P= 50.0μm N= 100 I= 1.0nA f=0.5  RMS=   8.51nm p99=  11.90nm  max=  12.28nm  FAIL    [417.1s]
[148/189] P= 50.0μm N= 100 I= 5.0nA f=1.0  RMS=  84.58nm p99= 118.51nm  max= 118.55nm  FAIL    [417.2s]
[149/189] P= 50.0μm N= 100 I= 5.0nA f=0.7  RMS=  59.10nm p99=  83.26nm  max=  85.24nm  FAIL    [418.2s]
[150/189] P= 50.0μm N= 100 I= 5.0nA f=0.5  RMS=  42.20nm p99=  59.56nm  max=  61.98nm  FAIL    [419.2s]
[151/189] P= 50.0μm N= 100 I=10.0nA f=1.0  RMS= 172.51nm p99= 237.00nm  max= 237.11nm  FAIL    [419.3s]
[152/189] P= 50.0μm N= 100 I=10.0nA f=0.7  RMS= 121.22nm p99= 167.15nm  max= 169.95nm  FAIL    [420.3s]
[153/189] P= 50.0μm N= 100 I=10.0nA f=0.5  RMS=  86.41nm p99= 119.60nm  max= 122.30nm  FAIL    [421.3s]
[154/189] P= 50.0μm N= 316 I= 1.0nA f=1.0  RMS=  54.38nm p99=  74.89nm  max=  75.53nm  FAIL    [422.5s]
[155/189] P= 50.0μm N= 316 I= 1.0nA f=0.7  RMS=  38.08nm p99=  52.46nm  max=  53.33nm  FAIL    [434.6s]
[156/189] P= 50.0μm N= 316 I= 1.0nA f=0.5  RMS=  27.21nm p99=  37.52nm  max=  38.24nm  FAIL    [446.6s]
[157/189] P= 50.0μm N= 316 I= 5.0nA f=1.0  RMS= 269.16nm p99= 374.74nm  max= 377.65nm  FAIL    [447.8s]
[158/189] P= 50.0μm N= 316 I= 5.0nA f=0.7  RMS= 188.66nm p99= 263.06nm  max= 266.39nm  FAIL    [459.9s]
[159/189] P= 50.0μm N= 316 I= 5.0nA f=0.5  RMS= 134.64nm p99= 188.07nm  max= 190.92nm  FAIL    [471.9s]
[160/189] P= 50.0μm N= 316 I=10.0nA f=1.0  RMS= 530.99nm p99= 749.50nm  max= 755.30nm  FAIL    [473.1s]
[161/189] P= 50.0μm N= 316 I=10.0nA f=0.7  RMS= 371.77nm p99= 525.07nm  max= 531.90nm  FAIL    [485.1s]
[162/189] P= 50.0μm N= 316 I=10.0nA f=0.5  RMS= 265.64nm p99= 375.48nm  max= 380.01nm  FAIL    [497.1s]
[163/189] P=100.0μm N=  32 I= 1.0nA f=1.0  RMS=   2.80nm p99=   3.70nm  max=   3.70nm    [497.1s]
[164/189] P=100.0μm N=  32 I= 1.0nA f=0.7  RMS=   1.96nm p99=   2.69nm  max=   2.79nm    [497.2s]
[165/189] P=100.0μm N=  32 I= 1.0nA f=0.5  RMS=   1.39nm p99=   1.92nm  max=   2.01nm    [497.4s]
[166/189] P=100.0μm N=  32 I= 5.0nA f=1.0  RMS=  13.83nm p99=  18.50nm  max=  18.50nm  FAIL    [497.4s]
[167/189] P=100.0μm N=  32 I= 5.0nA f=0.7  RMS=   9.67nm p99=  13.37nm  max=  13.81nm  FAIL    [497.6s]
[168/189] P=100.0μm N=  32 I= 5.0nA f=0.5  RMS=   7.01nm p99=   9.79nm  max=  10.31nm  FAIL    [497.7s]
[169/189] P=100.0μm N=  32 I=10.0nA f=1.0  RMS=  27.34nm p99=  36.99nm  max=  36.99nm  FAIL    [497.7s]
[170/189] P=100.0μm N=  32 I=10.0nA f=0.7  RMS=  19.11nm p99=  26.76nm  max=  27.48nm  FAIL    [497.9s]
[171/189] P=100.0μm N=  32 I=10.0nA f=0.5  RMS=  13.71nm p99=  19.54nm  max=  20.55nm  FAIL    [498.0s]
[172/189] P=100.0μm N= 100 I= 1.0nA f=1.0  RMS=   8.54nm p99=  11.84nm  max=  11.86nm  FAIL    [498.1s]
[173/189] P=100.0μm N= 100 I= 1.0nA f=0.7  RMS=   5.97nm p99=   8.31nm  max=   8.46nm    [499.1s]
[174/189] P=100.0μm N= 100 I= 1.0nA f=0.5  RMS=   4.26nm p99=   5.95nm  max=   6.11nm    [500.1s]
[175/189] P=100.0μm N= 100 I= 5.0nA f=1.0  RMS=  42.99nm p99=  59.25nm  max=  59.28nm  FAIL    [500.2s]
[176/189] P=100.0μm N= 100 I= 5.0nA f=0.7  RMS=  30.04nm p99=  41.64nm  max=  42.61nm  FAIL    [501.3s]
[177/189] P=100.0μm N= 100 I= 5.0nA f=0.5  RMS=  21.51nm p99=  29.90nm  max=  30.60nm  FAIL    [502.3s]
[178/189] P=100.0μm N= 100 I=10.0nA f=1.0  RMS=  85.14nm p99= 118.39nm  max= 118.55nm  FAIL    [502.4s]
[179/189] P=100.0μm N= 100 I=10.0nA f=0.7  RMS=  59.57nm p99=  83.04nm  max=  84.98nm  FAIL    [503.4s]
[180/189] P=100.0μm N= 100 I=10.0nA f=0.5  RMS=  42.45nm p99=  59.46nm  max=  61.86nm  FAIL    [504.4s]
[181/189] P=100.0μm N= 316 I= 1.0nA f=1.0  RMS=  27.24nm p99=  37.37nm  max=  37.76nm  FAIL    [505.6s]
[182/189] P=100.0μm N= 316 I= 1.0nA f=0.7  RMS=  19.04nm p99=  26.14nm  max=  26.51nm  FAIL    [517.6s]
[183/189] P=100.0μm N= 316 I= 1.0nA f=0.5  RMS=  13.60nm p99=  18.67nm  max=  19.00nm  FAIL    [529.7s]
[184/189] P=100.0μm N= 316 I= 5.0nA f=1.0  RMS= 133.53nm p99= 187.19nm  max= 188.82nm  FAIL    [530.9s]
[185/189] P=100.0μm N= 316 I= 5.0nA f=0.7  RMS=  93.50nm p99= 131.42nm  max= 133.36nm  FAIL    [542.9s]
[186/189] P=100.0μm N= 316 I= 5.0nA f=0.5  RMS=  66.84nm p99=  93.82nm  max=  95.73nm  FAIL    [555.0s]
[187/189] P=100.0μm N= 316 I=10.0nA f=1.0  RMS= 261.26nm p99= 375.72nm  max= 377.65nm  FAIL    [556.2s]
[188/189] P=100.0μm N= 316 I=10.0nA f=0.7  RMS= 183.10nm p99= 263.26nm  max= 266.84nm  FAIL    [568.2s]
[189/189] P=100.0μm N= 316 I=10.0nA f=0.5  RMS= 130.83nm p99= 188.02nm  max= 190.39nm  FAIL    [580.2s]

→ phase1_table.csv (189 rows)

Architecture target rows (P=5 μm, I=5 nA):
  N=  32  f=1.0  RMS=271.98 nm  max=369.92 nm  [FAIL at 6 nm tol]
  N=  32  f=0.7  RMS=189.27 nm  max=273.34 nm  [FAIL at 6 nm tol]
  N=  32  f=0.5  RMS=137.11 nm  max=207.18 nm  [FAIL at 6 nm tol]
  N= 100  f=1.0  RMS=858.17 nm  max=1185.54 nm  [FAIL at 6 nm tol]
  N= 100  f=0.7  RMS=600.91 nm  max=850.07 nm  [FAIL at 6 nm tol]
  N= 100  f=0.5  RMS=429.98 nm  max=613.98 nm  [FAIL at 6 nm tol]
  N= 316  f=1.0  RMS=2717.96 nm  max=3776.49 nm  [FAIL at 6 nm tol]
  N= 316  f=0.7  RMS=1900.54 nm  max=2656.94 nm  [FAIL at 6 nm tol]
  N= 316  f=0.5  RMS=1355.94 nm  max=1900.88 nm  [FAIL at 6 nm tol]

Minimum pitch P_min where RMS first falls below 6 nm (I=5 nA, f=0.5):
  N=  32: no pass within sweep range
  N= 100: no pass within sweep range
  N= 316: no pass within sweep range

Total wall time: 580.2s
