========================================================================
 Phase 1.1 — stochastic decomposition of cross-beam Coulomb perturbation
========================================================================
 v = 1.237e+08 m/s, γ = 1.0978, β = 0.4127, 1/γ² = 0.8297
 Tolerance budget: 6 nm RMS (20% of 30 nm grid)
 Pass = σ_stochastic < 6 nm (deterministic is per-beam calibratable)

Cases: 72  (4 P × 2 N × 3 I × 3 f),  30 realizations each

    P    N    I    f     det_rms   det_max      σ_rms    σ_p99    σ_max   verdict
 (μm)      (nA)             (nm)      (nm)       (nm)     (nm)     (nm)
----------------------------------------------------------------------------------------------------
  2.0  100  1.0  0.3       130.8     179.7       7.56     9.48     9.64   fail   [    2s]
  2.0  100  1.0  0.5       217.9     298.0       8.21    10.17    10.41   fail   [    5s]
  2.0  100  1.0  0.7       305.0     416.2       7.82     9.65    10.23   fail   [    7s]
  2.0  100  5.0  0.3       646.3     889.3      37.94    47.00    48.78   fail   [   10s]
  2.0  100  5.0  0.5      1078.8    1485.3      41.39    52.67    53.50   fail   [   12s]
  2.0  100  5.0  0.7      1510.3    2074.4      39.05    48.08    50.12   fail   [   15s]
  2.0  100 10.0  0.3      1253.6    1786.5      77.98    97.85   100.47   fail   [   17s]
  2.0  100 10.0  0.5      2085.0    2960.3      84.36   107.88   112.26   fail   [   20s]
  2.0  100 10.0  0.7      2916.7    4147.3      79.01    95.19   101.18   fail   [   22s]
  2.0  316  1.0  0.3       405.9     567.1       8.68    11.00    11.28   fail   [   49s]
  2.0  316  1.0  0.5       676.1     944.8       9.54    12.18    12.54   fail   [   76s]
  2.0  316  1.0  0.7       946.9    1323.5       8.68    10.95    11.48   fail   [  102s]
  2.0  316  5.0  0.3      2011.0    2832.4      43.04    51.48    57.55   fail   [  129s]
  2.0  316  5.0  0.5      3353.3    4722.5      46.82    58.06    61.26   fail   [  156s]
  2.0  316  5.0  0.7      4693.5    6605.6      43.18    51.76    53.29   fail   [  183s]
  2.0  316 10.0  0.3      4091.6    5634.0      88.13   111.43   116.42   fail   [  209s]
  2.0  316 10.0  0.5      6822.6    9419.0      96.31   116.64   118.30   fail   [  236s]
  2.0  316 10.0  0.7      9557.3   13201.6      88.22   110.62   113.29   fail   [  263s]
  5.0  100  1.0  0.3        51.8      71.3       3.02     3.65     3.85   PASS   [  265s]
  5.0  100  1.0  0.5        86.6     119.1       3.33     4.09     4.27   PASS   [  267s]
  5.0  100  1.0  0.7       121.1     166.2       3.10     3.85     3.94   PASS   [  269s]
  5.0  100  5.0  0.3       260.8     358.6      15.17    18.43    18.96   fail   [  272s]
  5.0  100  5.0  0.5       433.4     596.1      16.81    20.07    20.71   fail   [  274s]
  5.0  100  5.0  0.7       607.1     832.8      15.44    18.80    19.31   fail   [  276s]
  5.0  100 10.0  0.3       518.8     714.6      31.95    39.42    42.72   fail   [  278s]
  5.0  100 10.0  0.5       864.2    1188.0      33.84    42.93    46.30   fail   [  281s]
  5.0  100 10.0  0.7      1211.2    1661.4      29.73    36.40    37.61   fail   [  283s]
  5.0  316  1.0  0.3       160.1     226.6       3.54     4.37     4.71   PASS   [  310s]
  5.0  316  1.0  0.5       266.9     377.6       3.87     4.87     5.05   PASS   [  336s]
  5.0  316  1.0  0.7       373.7     528.7       3.50     4.26     4.40   PASS   [  363s]
  5.0  316  5.0  0.3       825.9    1134.9      17.30    21.44    23.16   fail   [  390s]
  5.0  316  5.0  0.5      1376.8    1889.6      18.75    23.71    24.14   fail   [  417s]
  5.0  316  5.0  0.7      1928.9    2643.1      17.43    21.87    22.55   fail   [  444s]
  5.0  316 10.0  0.3      1605.5    2262.0      36.01    43.98    44.96   fail   [  470s]
  5.0  316 10.0  0.5      2673.2    3775.9      39.08    49.38    52.68   fail   [  497s]
  5.0  316 10.0  0.7      3742.7    5288.8      35.05    42.21    45.73   fail   [  524s]
 10.0  100  1.0  0.3        25.7      35.8       1.55     1.94     2.00   PASS   [  526s]
 10.0  100  1.0  0.5        42.9      59.6       1.67     2.05     2.11   PASS   [  528s]
 10.0  100  1.0  0.7        60.0      83.1       1.57     1.99     2.06   PASS   [  531s]
 10.0  100  5.0  0.3       125.5     179.5       7.75     9.25     9.61   fail   [  533s]
 10.0  100  5.0  0.5       208.5     296.8       8.51    10.74    11.44   fail   [  535s]
 10.0  100  5.0  0.7       292.0     416.4       7.98     9.81    10.47   fail   [  537s]
 10.0  100 10.0  0.3       257.9     353.8      15.17    18.19    18.71   fail   [  540s]
 10.0  100 10.0  0.5       431.7     591.7      16.76    20.23    22.24   fail   [  542s]
 10.0  100 10.0  0.7       606.1     831.4      15.11    18.84    19.12   fail   [  544s]
 10.0  316  1.0  0.3        78.2     113.5       1.77     2.18     2.34   PASS   [  571s]
 10.0  316  1.0  0.5       130.5     188.7       1.94     2.35     2.42   PASS   [  598s]
 10.0  316  1.0  0.7       182.5     264.1       1.72     2.06     2.16   PASS   [  624s]
 10.0  316  5.0  0.3       413.9     565.3       8.82    10.95    11.11   fail   [  651s]
 10.0  316  5.0  0.5       689.7     942.1       9.49    11.67    12.28   fail   [  677s]
 10.0  316  5.0  0.7       966.4    1320.4       8.54    10.63    10.93   fail   [  704s]
 10.0  316 10.0  0.3       796.5    1131.9      17.47    21.09    21.69   fail   [  730s]
 10.0  316 10.0  0.5      1328.0    1887.4      19.31    24.49    24.77   fail   [  757s]
 10.0  316 10.0  0.7      1859.0    2644.4      18.02    21.86    22.62   fail   [  783s]
 20.0  100  1.0  0.3        12.9      17.8       0.78     0.94     0.96   PASS   [  786s]
 20.0  100  1.0  0.5        21.5      29.7       0.89     1.08     1.12   PASS   [  788s]
 20.0  100  1.0  0.7        30.1      41.5       0.81     1.02     1.08   PASS   [  790s]
 20.0  100  5.0  0.3        61.2      89.2       3.86     4.66     4.91   PASS   [  792s]
 20.0  100  5.0  0.5       102.1     148.4       4.27     5.26     5.35   PASS   [  794s]
 20.0  100  5.0  0.7       142.9     208.3       3.84     4.83     4.99   PASS   [  797s]
 20.0  100 10.0  0.3       129.0     177.9       7.81     9.63     9.81   fail   [  799s]
 20.0  100 10.0  0.5       215.1     296.6       8.46    10.38    10.81   fail   [  801s]
 20.0  100 10.0  0.7       300.8     414.0       7.84     9.67    10.22   fail   [  803s]
 20.0  316  1.0  0.3        40.9      56.8       0.88     1.07     1.09   PASS   [  830s]
 20.0  316  1.0  0.5        68.2      94.5       0.98     1.19     1.28   PASS   [  856s]
 20.0  316  1.0  0.7        95.4     132.3       0.88     1.06     1.07   PASS   [  883s]
 20.0  316  5.0  0.3       202.2     283.1       4.40     5.32     5.36   PASS   [  909s]
 20.0  316  5.0  0.5       336.7     472.5       4.79     5.82     6.06   PASS   [  936s]
 20.0  316  5.0  0.7       471.0     661.0       4.48     5.38     6.00   PASS   [  962s]
 20.0  316 10.0  0.3       407.3     566.5       8.78    10.70    11.17   fail   [  989s]
 20.0  316 10.0  0.5       679.0     944.5       9.34    11.52    12.34   fail   [ 1015s]
 20.0  316 10.0  0.7       950.9    1322.6       8.78    11.09    11.47   fail   [ 1042s]

→ phase1_stochastic.csv (72 rows)

Stochastic σ at architecture target (I=5 nA, f=0.5):
  P= 2.0μm  N= 100  σ_rms= 41.39 nm  σ_max= 53.50 nm  [FAIL]
  P= 2.0μm  N= 316  σ_rms= 46.82 nm  σ_max= 61.26 nm  [FAIL]
  P= 5.0μm  N= 100  σ_rms= 16.81 nm  σ_max= 20.71 nm  [FAIL]
  P= 5.0μm  N= 316  σ_rms= 18.75 nm  σ_max= 24.14 nm  [FAIL]
  P=10.0μm  N= 100  σ_rms=  8.51 nm  σ_max= 11.44 nm  [FAIL]
  P=10.0μm  N= 316  σ_rms=  9.49 nm  σ_max= 12.28 nm  [FAIL]
  P=20.0μm  N= 100  σ_rms=  4.27 nm  σ_max=  5.35 nm  [PASS]
  P=20.0μm  N= 316  σ_rms=  4.79 nm  σ_max=  6.06 nm  [PASS]
