3-6-9 sweep: 54 cases, 30 realizations each

    P    N    I    f     det_rms      σ_rms    σ_p99    σ_max   verdict
 (μm)      (nA)             (nm)       (nm)     (nm)     (nm)
----------------------------------------------------------------------------------------
  3.0  100  1.0  0.3        86.5       5.23     6.55     6.96   PASS   [    2s]
  3.0  100  1.0  0.5       143.9       5.65     7.03     7.16   PASS   [    5s]
  3.0  100  1.0  0.7       201.5       4.93     6.08     6.56   PASS   [    7s]
  3.0  100  5.0  0.3       427.1      25.31    30.35    34.06   fail   [    9s]
  3.0  100  5.0  0.5       715.2      27.23    34.11    35.06   fail   [   12s]
  3.0  100  5.0  0.7      1000.2      25.28    31.19    32.07   fail   [   14s]
  3.0  100 10.0  0.3       864.2      52.42    64.52    67.10   fail   [   17s]
  3.0  100 10.0  0.5      1442.7      57.52    72.23    73.90   fail   [   19s]
  3.0  100 10.0  0.7      2020.8      51.33    62.74    65.36   fail   [   21s]
  3.0  316  1.0  0.3       274.9       5.91     7.18     7.78   PASS   [   47s]
  3.0  316  1.0  0.5       458.3       6.52     7.99     8.04   fail   [   73s]
  3.0  316  1.0  0.7       641.1       5.79     7.02     7.19   PASS   [   99s]
  3.0  316  5.0  0.3      1365.0      29.26    36.29    38.11   fail   [  125s]
  3.0  316  5.0  0.5      2274.7      32.22    39.85    43.14   fail   [  151s]
  3.0  316  5.0  0.7      3184.1      29.67    37.06    37.83   fail   [  178s]
  3.0  316 10.0  0.3      2660.7      59.84    74.50    76.70   fail   [  204s]
  3.0  316 10.0  0.5      4429.4      65.06    79.20    82.01   fail   [  230s]
  3.0  316 10.0  0.7      6205.3      59.78    73.37    78.19   fail   [  256s]
  6.0  100  1.0  0.3        43.6       2.52     3.23     3.46   PASS   [  258s]
  6.0  100  1.0  0.5        72.8       2.77     3.70     3.93   PASS   [  261s]
  6.0  100  1.0  0.7       101.6       2.61     3.29     3.60   PASS   [  263s]
  6.0  100  5.0  0.3       215.7      12.44    15.37    16.78   fail   [  265s]
  6.0  100  5.0  0.5       359.4      14.14    17.63    18.33   fail   [  267s]
  6.0  100  5.0  0.7       504.2      12.82    15.40    15.71   fail   [  270s]
  6.0  100 10.0  0.3       420.2      26.32    32.11    35.17   fail   [  272s]
  6.0  100 10.0  0.5       703.5      28.02    33.94    35.66   fail   [  274s]
  6.0  100 10.0  0.7       985.3      25.80    31.58    32.69   fail   [  276s]
  6.0  316  1.0  0.3       136.7       2.88     3.62     3.80   PASS   [  304s]
  6.0  316  1.0  0.5       227.8       3.18     4.02     4.23   PASS   [  332s]
  6.0  316  1.0  0.7       319.1       2.89     3.60     3.87   PASS   [  359s]
  6.0  316  5.0  0.3       670.5      14.54    17.91    18.51   fail   [  385s]
  6.0  316  5.0  0.5      1116.4      16.06    19.86    20.59   fail   [  411s]
  6.0  316  5.0  0.7      1562.4      14.54    17.77    17.97   fail   [  437s]
  6.0  316 10.0  0.3      1357.8      29.03    36.11    37.55   fail   [  464s]
  6.0  316 10.0  0.5      2262.0      31.66    38.06    39.71   fail   [  491s]
  6.0  316 10.0  0.7      3168.2      28.68    34.98    36.32   fail   [  519s]
  9.0  100  1.0  0.3        29.0       1.78     2.27     2.44   PASS   [  521s]
  9.0  100  1.0  0.5        48.3       1.92     2.38     2.51   PASS   [  523s]
  9.0  100  1.0  0.7        67.6       1.73     2.11     2.31   PASS   [  525s]
  9.0  100  5.0  0.3       143.3       8.45    10.57    10.98   fail   [  528s]
  9.0  100  5.0  0.5       239.5       9.58    11.75    12.04   fail   [  530s]
  9.0  100  5.0  0.7       335.4       8.37    10.36    10.97   fail   [  532s]
  9.0  100 10.0  0.3       287.5      17.36    21.27    21.56   fail   [  534s]
  9.0  100 10.0  0.5       480.2      18.91    23.77    24.55   fail   [  537s]
  9.0  100 10.0  0.7       672.6      17.06    21.02    23.26   fail   [  539s]
  9.0  316  1.0  0.3        90.4       1.97     2.42     2.55   PASS   [  567s]
  9.0  316  1.0  0.5       150.6       2.20     2.75     2.78   PASS   [  594s]
  9.0  316  1.0  0.7       210.6       2.06     2.61     2.70   PASS   [  621s]
  9.0  316  5.0  0.3       455.4       9.86    11.87    12.47   fail   [  648s]
  9.0  316  5.0  0.5       758.7      10.84    13.20    13.96   fail   [  674s]
  9.0  316  5.0  0.7      1061.9      10.03    12.19    13.37   fail   [  701s]
  9.0  316 10.0  0.3       911.3      20.05    25.13    27.00   fail   [  728s]
  9.0  316 10.0  0.5      1517.7      21.49    26.22    28.05   fail   [  755s]
  9.0  316 10.0  0.7      2124.6      19.30    23.78    24.51   fail   [  782s]

→ phase1_369.csv  (54 rows)

Architecture target (I=5 nA, N=316, f=0.5):
  P=3 μm: σ_rms=32.22 nm  σ_max=43.14 nm  [FAIL]
  P=6 μm: σ_rms=16.06 nm  σ_max=20.59 nm  [FAIL]
  P=9 μm: σ_rms=10.84 nm  σ_max=13.96 nm  [FAIL]
